31040	31407	NODE_1_length_26582_cov_0.311682	+	1	368	368
31409	31542	NODE_1_length_26582_cov_0.311682	+	369	502	134
31543	31840	NODE_1_length_26582_cov_0.311682	+	502	799	298
31841	31913	NODE_1_length_26582_cov_0.311682	+	799	871	73
31911	32006	NODE_1_length_26582_cov_0.311682	+	868	963	96
32004	33404	NODE_1_length_26582_cov_0.311682	+	960	2360	1401
33414	33650	NODE_1_length_26582_cov_0.311682	+	2367	2603	237
33652	34116	NODE_1_length_26582_cov_0.311682	+	2604	3068	465
34115	34156	NODE_1_length_26582_cov_0.311682	+	3063	3104	42
34175	34256	NODE_1_length_26582_cov_0.311682	+	3121	3202	82
34255	34589	NODE_1_length_26582_cov_0.311682	+	3200	3534	335
34584	34647	NODE_1_length_26582_cov_0.311682	+	3528	3591	64
34648	34822	NODE_1_length_26582_cov_0.311682	+	3591	3765	175
34820	35644	NODE_1_length_26582_cov_0.311682	+	3762	4586	825
35642	35971	NODE_1_length_26582_cov_0.311682	+	4583	4912	330
35963	36390	NODE_1_length_26582_cov_0.311682	+	4903	5330	428
36382	36598	NODE_1_length_26582_cov_0.311682	+	5321	5537	217
36565	36793	NODE_1_length_26582_cov_0.311682	+	5501	5729	229
36784	37251	NODE_1_length_26582_cov_0.311682	+	5719	6186	468
37250	37355	NODE_1_length_26582_cov_0.311682	+	6182	6287	106
37353	37393	NODE_1_length_26582_cov_0.311682	+	6284	6324	41
37391	38436	NODE_1_length_26582_cov_0.311682	+	6321	7366	1046
38434	38604	NODE_1_length_26582_cov_0.311682	+	7363	7533	171
38603	39073	NODE_1_length_26582_cov_0.311682	+	7531	8001	471
39072	39134	NODE_1_length_26582_cov_0.311682	+	8001	8063	63
39129	39305	NODE_1_length_26582_cov_0.311682	+	8057	8233	177
39303	39399	NODE_1_length_26582_cov_0.311682	+	8230	8326	97
39400	39793	NODE_1_length_26582_cov_0.311682	+	8326	8719	394
39792	40064	NODE_1_length_26582_cov_0.311682	+	8717	8989	273
40063	40623	NODE_1_length_26582_cov_0.311682	+	8987	9547	561
40625	40761	NODE_1_length_26582_cov_0.311682	+	9548	9684	137
40762	40805	NODE_1_length_26582_cov_0.311682	+	9684	9727	44
40803	41705	NODE_1_length_26582_cov_0.311682	+	9724	10626	903
41703	41920	NODE_1_length_26582_cov_0.311682	+	10623	10840	218
41883	41988	NODE_1_length_26582_cov_0.311682	+	10802	10907	106
41981	42090	NODE_1_length_26582_cov_0.311682	+	10899	11008	110
42114	42167	NODE_1_length_26582_cov_0.311682	+	11030	11083	54
42166	42227	NODE_1_length_26582_cov_0.311682	+	11080	11141	62
42219	43894	NODE_1_length_26582_cov_0.311682	+	11130	12805	1676
43884	44040	NODE_1_length_26582_cov_0.311682	+	12794	12950	157
44038	44336	NODE_1_length_26582_cov_0.311682	+	12947	13245	299
44335	44691	NODE_1_length_26582_cov_0.311682	+	13243	13599	357
44683	44857	NODE_1_length_26582_cov_0.311682	+	13590	13764	175
44850	44925	NODE_1_length_26582_cov_0.311682	+	13756	13831	76
44922	45166	NODE_1_length_26582_cov_0.311682	+	13827	14071	245
45164	45210	NODE_1_length_26582_cov_0.311682	+	14068	14114	47
45208	45391	NODE_1_length_26582_cov_0.311682	+	14111	14294	184
45387	45501	NODE_1_length_26582_cov_0.311682	+	14289	14403	115
45502	45794	NODE_1_length_26582_cov_0.311682	+	14405	14697	293
45791	46365	NODE_1_length_26582_cov_0.311682	+	14693	15267	575
46364	46644	NODE_1_length_26582_cov_0.311682	+	15265	15545	281
46626	46845	NODE_1_length_26582_cov_0.311682	+	15526	15745	220
46841	48527	NODE_1_length_26582_cov_0.311682	+	15740	17426	1687
48528	48645	NODE_1_length_26582_cov_0.311682	+	17426	17543	118
48641	48689	NODE_1_length_26582_cov_0.311682	+	17538	17586	49
48688	49121	NODE_1_length_26582_cov_0.311682	+	17584	18017	434
49120	49155	NODE_1_length_26582_cov_0.311682	+	18014	18049	36
49152	49675	NODE_1_length_26582_cov_0.311682	+	18043	18566	524
49702	49741	NODE_1_length_26582_cov_0.311682	+	18593	18632	40
49734	49793	NODE_1_length_26582_cov_0.311682	+	18624	18683	60
49804	49874	NODE_1_length_26582_cov_0.311682	+	18690	18760	71
49871	49949	NODE_1_length_26582_cov_0.311682	+	18756	18834	79
49949	49997	NODE_1_length_26582_cov_0.311682	+	18833	18881	49
49995	50148	NODE_1_length_26582_cov_0.311682	+	18878	19031	154
50146	50670	NODE_1_length_26582_cov_0.311682	+	19028	19552	525
50699	50731	NODE_1_length_26582_cov_0.311682	+	19579	19611	33
50733	50882	NODE_1_length_26582_cov_0.311682	+	19612	19761	150
50880	51383	NODE_1_length_26582_cov_0.311682	+	19758	20261	504
51385	52008	NODE_1_length_26582_cov_0.311682	+	20262	20885	624
52002	52322	NODE_1_length_26582_cov_0.311682	+	20878	21198	321
52320	52575	NODE_1_length_26582_cov_0.311682	+	21194	21449	256
52576	52977	NODE_1_length_26582_cov_0.311682	+	21449	21850	402
52973	54210	NODE_1_length_26582_cov_0.311682	+	21845	23082	1238
54210	54501	NODE_1_length_26582_cov_0.311682	+	23081	23372	292
54502	55008	NODE_1_length_26582_cov_0.311682	+	23374	23880	507
55007	55412	NODE_1_length_26582_cov_0.311682	+	23878	24283	406
55414	56389	NODE_1_length_26582_cov_0.311682	+	24284	25259	976
56392	56443	NODE_1_length_26582_cov_0.311682	+	25258	25309	52
56468	56837	NODE_1_length_26582_cov_0.311682	+	25331	25700	370
56831	56977	NODE_1_length_26582_cov_0.311682	+	25693	25839	147
56977	57721	NODE_1_length_26582_cov_0.311682	+	25838	26582	745
353957	353993	NODE_1_length_26582_cov_0.311682	-	18422	18458	37
508008	508050	NODE_1_length_26582_cov_0.311682	-	18471	18513	43
1462513	1462862	NODE_1_length_26582_cov_0.311682	-	22288	22637	350
683051	683206	NODE_2_length_24372_cov_0.594975	+	2175	2330	156
898914	898954	NODE_2_length_24372_cov_0.594975	+	4236	4276	41
1049001	1049784	NODE_2_length_24372_cov_0.594975	+	9449	10232	784
2655494	2655805	NODE_2_length_24372_cov_0.594975	+	16360	16671	312
2656371	2656501	NODE_2_length_24372_cov_0.594975	+	17286	17416	131
3637226	3637311	NODE_2_length_24372_cov_0.594975	+	24287	24372	86
5590	5934	NODE_2_length_24372_cov_0.594975	-	1	345	345
5930	6499	NODE_2_length_24372_cov_0.594975	-	340	909	570
6498	6833	NODE_2_length_24372_cov_0.594975	-	906	1241	336
6828	7051	NODE_2_length_24372_cov_0.594975	-	1235	1458	224
7073	7249	NODE_2_length_24372_cov_0.594975	-	1478	1654	177
7247	7446	NODE_2_length_24372_cov_0.594975	-	1651	1850	200
7428	7514	NODE_2_length_24372_cov_0.594975	-	1831	1917	87
7512	7560	NODE_2_length_24372_cov_0.594975	-	1914	1962	49
7561	7682	NODE_2_length_24372_cov_0.594975	-	1962	2083	122
7681	7826	NODE_2_length_24372_cov_0.594975	-	2081	2226	146
7815	8084	NODE_2_length_24372_cov_0.594975	-	2214	2483	270
8082	8207	NODE_2_length_24372_cov_0.594975	-	2480	2605	126
8205	8393	NODE_2_length_24372_cov_0.594975	-	2602	2790	189
8395	9073	NODE_2_length_24372_cov_0.594975	-	2791	3469	679
9074	9170	NODE_2_length_24372_cov_0.594975	-	3469	3565	97
9156	9202	NODE_2_length_24372_cov_0.594975	-	3550	3596	47
9208	9299	NODE_2_length_24372_cov_0.594975	-	3600	3691	92
9288	9341	NODE_2_length_24372_cov_0.594975	-	3679	3732	54
9337	9781	NODE_2_length_24372_cov_0.594975	-	3730	4174	445
9779	9895	NODE_2_length_24372_cov_0.594975	-	4171	4287	117
9911	9987	NODE_2_length_24372_cov_0.594975	-	4298	4374	77
9987	10637	NODE_2_length_24372_cov_0.594975	-	4373	5023	651
10605	11362	NODE_2_length_24372_cov_0.594975	-	4990	5747	758
11358	11445	NODE_2_length_24372_cov_0.594975	-	5741	5828	88
11451	12352	NODE_2_length_24372_cov_0.594975	-	5832	6733	902
12351	12965	NODE_2_length_24372_cov_0.594975	-	6731	7345	615
12963	13073	NODE_2_length_24372_cov_0.594975	-	7342	7452	111
13073	13636	NODE_2_length_24372_cov_0.594975	-	7451	8014	564
13634	14209	NODE_2_length_24372_cov_0.594975	-	8011	8586	576
14203	14282	NODE_2_length_24372_cov_0.594975	-	8579	8658	80
14282	14352	NODE_2_length_24372_cov_0.594975	-	8657	8727	71
14350	15279	NODE_2_length_24372_cov_0.594975	-	8724	9653	930
15335	16840	NODE_2_length_24372_cov_0.594975	-	9706	11211	1506
16841	16986	NODE_2_length_24372_cov_0.594975	-	11211	11356	146
16997	17660	NODE_2_length_24372_cov_0.594975	-	11365	12028	664
17658	17704	NODE_2_length_24372_cov_0.594975	-	12025	12071	47
17700	17832	NODE_2_length_24372_cov_0.594975	-	12066	12198	133
17831	17895	NODE_2_length_24372_cov_0.594975	-	12196	12260	65
17894	17954	NODE_2_length_24372_cov_0.594975	-	12258	12318	61
17952	18178	NODE_2_length_24372_cov_0.594975	-	12315	12541	227
18176	19075	NODE_2_length_24372_cov_0.594975	-	12538	13437	900
19074	20740	NODE_2_length_24372_cov_0.594975	-	13435	15101	1667
20783	20873	NODE_2_length_24372_cov_0.594975	-	15138	15228	91
20871	21034	NODE_2_length_24372_cov_0.594975	-	15225	15388	164
21031	21148	NODE_2_length_24372_cov_0.594975	-	15384	15501	118
21133	21251	NODE_2_length_24372_cov_0.594975	-	15485	15603	119
21259	21456	NODE_2_length_24372_cov_0.594975	-	15609	15806	198
21451	21507	NODE_2_length_24372_cov_0.594975	-	15800	15856	57
21505	22385	NODE_2_length_24372_cov_0.594975	-	15852	16732	881
22384	22526	NODE_2_length_24372_cov_0.594975	-	16730	16872	143
22535	22903	NODE_2_length_24372_cov_0.594975	-	16876	17244	369
22902	23561	NODE_2_length_24372_cov_0.594975	-	17242	17901	660
23555	24363	NODE_2_length_24372_cov_0.594975	-	17894	18702	809
24364	25526	NODE_2_length_24372_cov_0.594975	-	18702	19864	1163
25528	25929	NODE_2_length_24372_cov_0.594975	-	19865	20266	402
25931	26499	NODE_2_length_24372_cov_0.594975	-	20267	20835	569
26500	26531	NODE_2_length_24372_cov_0.594975	-	20835	20866	32
26529	26661	NODE_2_length_24372_cov_0.594975	-	20863	20995	133
26663	26726	NODE_2_length_24372_cov_0.594975	-	20995	21058	64
26743	27006	NODE_2_length_24372_cov_0.594975	-	21072	21335	264
27004	27055	NODE_2_length_24372_cov_0.594975	-	21332	21383	52
27046	27278	NODE_2_length_24372_cov_0.594975	-	21373	21605	233
27279	28417	NODE_2_length_24372_cov_0.594975	-	21603	22741	1139
28414	28461	NODE_2_length_24372_cov_0.594975	-	22737	22784	48
28461	29053	NODE_2_length_24372_cov_0.594975	-	22783	23375	593
29054	29120	NODE_2_length_24372_cov_0.594975	-	23375	23441	67
29156	29222	NODE_2_length_24372_cov_0.594975	-	23475	23541	67
29337	29381	NODE_2_length_24372_cov_0.594975	-	23647	23691	45
29390	29451	NODE_2_length_24372_cov_0.594975	-	23697	23758	62
29495	30069	NODE_2_length_24372_cov_0.594975	-	23798	24372	575
79881	80375	NODE_3_length_17836_cov_0.267364	+	1	495	495
80373	81081	NODE_3_length_17836_cov_0.267364	+	492	1200	709
81079	81482	NODE_3_length_17836_cov_0.267364	+	1197	1600	404
81474	81553	NODE_3_length_17836_cov_0.267364	+	1591	1670	80
81546	82432	NODE_3_length_17836_cov_0.267364	+	1661	2547	887
82431	83298	NODE_3_length_17836_cov_0.267364	+	2544	3411	868
83294	83760	NODE_3_length_17836_cov_0.267364	+	3406	3872	467
83785	83886	NODE_3_length_17836_cov_0.267364	+	3895	3996	102
83935	84010	NODE_3_length_17836_cov_0.267364	+	4042	4117	76
84009	84073	NODE_3_length_17836_cov_0.267364	+	4113	4177	65
84071	84573	NODE_3_length_17836_cov_0.267364	+	4173	4675	503
84571	84624	NODE_3_length_17836_cov_0.267364	+	4672	4725	54
84622	84687	NODE_3_length_17836_cov_0.267364	+	4722	4787	66
84680	84944	NODE_3_length_17836_cov_0.267364	+	4779	5043	265
84960	86198	NODE_3_length_17836_cov_0.267364	+	5057	6295	1239
86207	86250	NODE_3_length_17836_cov_0.267364	+	6302	6345	44
86240	87759	NODE_3_length_17836_cov_0.267364	+	6332	7851	1520
87757	87898	NODE_3_length_17836_cov_0.267364	+	7848	7989	142
87898	88004	NODE_3_length_17836_cov_0.267364	+	7986	8092	107
88002	88367	NODE_3_length_17836_cov_0.267364	+	8089	8454	366
88364	88426	NODE_3_length_17836_cov_0.267364	+	8450	8512	63
88422	89809	NODE_3_length_17836_cov_0.267364	+	8507	9894	1388
89807	90365	NODE_3_length_17836_cov_0.267364	+	9891	10449	559
90389	90765	NODE_3_length_17836_cov_0.267364	+	10470	10846	377
90763	90903	NODE_3_length_17836_cov_0.267364	+	10843	10983	141
90915	90961	NODE_3_length_17836_cov_0.267364	+	10992	11038	47
90961	91869	NODE_3_length_17836_cov_0.267364	+	11037	11945	909
91868	92101	NODE_3_length_17836_cov_0.267364	+	11942	12175	234
92099	92623	NODE_3_length_17836_cov_0.267364	+	12171	12695	525
92648	92773	NODE_3_length_17836_cov_0.267364	+	12718	12843	126
92763	92912	NODE_3_length_17836_cov_0.267364	+	12832	12981	150
92908	93132	NODE_3_length_17836_cov_0.267364	+	12976	13200	225
93130	93681	NODE_3_length_17836_cov_0.267364	+	13197	13748	552
93676	93761	NODE_3_length_17836_cov_0.267364	+	13742	13827	86
93758	94160	NODE_3_length_17836_cov_0.267364	+	13823	14225	403
94157	94270	NODE_3_length_17836_cov_0.267364	+	14221	14334	114
94261	94395	NODE_3_length_17836_cov_0.267364	+	14324	14458	135
94419	94641	NODE_3_length_17836_cov_0.267364	+	14478	14700	223
94651	95090	NODE_3_length_17836_cov_0.267364	+	14708	15147	440
95087	95147	NODE_3_length_17836_cov_0.267364	+	15146	15206	61
95167	95256	NODE_3_length_17836_cov_0.267364	+	15224	15313	90
95254	95527	NODE_3_length_17836_cov_0.267364	+	15310	15583	274
95538	95788	NODE_3_length_17836_cov_0.267364	+	15592	15842	251
95787	95864	NODE_3_length_17836_cov_0.267364	+	15840	15917	78
95863	96159	NODE_3_length_17836_cov_0.267364	+	15917	16213	297
96148	96326	NODE_3_length_17836_cov_0.267364	+	16201	16379	179
96327	96519	NODE_3_length_17836_cov_0.267364	+	16379	16571	193
96518	96745	NODE_3_length_17836_cov_0.267364	+	16569	16796	228
96744	96884	NODE_3_length_17836_cov_0.267364	+	16794	16934	141
96881	96928	NODE_3_length_17836_cov_0.267364	+	16930	16977	48
96927	97108	NODE_3_length_17836_cov_0.267364	+	16978	17159	182
97106	97161	NODE_3_length_17836_cov_0.267364	+	17156	17211	56
97183	97434	NODE_3_length_17836_cov_0.267364	+	17230	17481	252
97433	97790	NODE_3_length_17836_cov_0.267364	+	17479	17836	358
3849438	3849642	NODE_3_length_17836_cov_0.267364	-	10734	10938	205
3849876	3850117	NODE_3_length_17836_cov_0.267364	-	11193	11434	242
68274	69574	NODE_4_length_10634_cov_0.404859	+	1	1301	1301
69572	70561	NODE_4_length_10634_cov_0.404859	+	1298	2287	990
70549	70604	NODE_4_length_10634_cov_0.404859	+	2274	2329	56
70594	70684	NODE_4_length_10634_cov_0.404859	+	2316	2406	91
70685	70745	NODE_4_length_10634_cov_0.404859	+	2406	2466	61
70738	70970	NODE_4_length_10634_cov_0.404859	+	2458	2690	233
70969	71186	NODE_4_length_10634_cov_0.404859	+	2688	2905	218
71180	71234	NODE_4_length_10634_cov_0.404859	+	2898	2952	55
71229	71481	NODE_4_length_10634_cov_0.404859	+	2946	3198	253
71480	71597	NODE_4_length_10634_cov_0.404859	+	3196	3313	118
71591	71912	NODE_4_length_10634_cov_0.404859	+	3306	3627	322
71910	71989	NODE_4_length_10634_cov_0.404859	+	3624	3703	80
71989	72037	NODE_4_length_10634_cov_0.404859	+	3702	3750	49
72038	72131	NODE_4_length_10634_cov_0.404859	+	3750	3843	94
72126	72390	NODE_4_length_10634_cov_0.404859	+	3840	4104	265
72389	72815	NODE_4_length_10634_cov_0.404859	+	4101	4527	427
72814	72921	NODE_4_length_10634_cov_0.404859	+	4525	4632	108
72934	73154	NODE_4_length_10634_cov_0.404859	+	4642	4862	221
73170	73223	NODE_4_length_10634_cov_0.404859	+	4876	4929	54
73223	73353	NODE_4_length_10634_cov_0.404859	+	4928	5058	131
73348	73975	NODE_4_length_10634_cov_0.404859	+	5052	5679	628
73970	74082	NODE_4_length_10634_cov_0.404859	+	5673	5785	113
74077	74123	NODE_4_length_10634_cov_0.404859	+	5778	5824	47
74120	74198	NODE_4_length_10634_cov_0.404859	+	5820	5898	79
74197	74604	NODE_4_length_10634_cov_0.404859	+	5896	6303	408
74597	74704	NODE_4_length_10634_cov_0.404859	+	6295	6402	108
74700	74802	NODE_4_length_10634_cov_0.404859	+	6396	6498	103
74798	74869	NODE_4_length_10634_cov_0.404859	+	6495	6566	72
74865	74904	NODE_4_length_10634_cov_0.404859	+	6560	6599	40
74905	74965	NODE_4_length_10634_cov_0.404859	+	6599	6659	61
74963	75433	NODE_4_length_10634_cov_0.404859	+	6656	7126	471
75432	75473	NODE_4_length_10634_cov_0.404859	+	7124	7165	42
75493	75570	NODE_4_length_10634_cov_0.404859	+	7181	7258	78
75569	76756	NODE_4_length_10634_cov_0.404859	+	7256	8443	1188
76750	77308	NODE_4_length_10634_cov_0.404859	+	8436	8994	559
77301	77380	NODE_4_length_10634_cov_0.404859	+	8986	9065	80
77398	77537	NODE_4_length_10634_cov_0.404859	+	9081	9220	140
77539	77601	NODE_4_length_10634_cov_0.404859	+	9221	9283	63
77582	78955	NODE_4_length_10634_cov_0.404859	+	9261	10634	1374
1379238	1379363	NODE_4_length_10634_cov_0.404859	-	6374	6499	126
2660420	2660457	NODE_4_length_10634_cov_0.404859	-	6699	6736	38
4227390	4227436	NODE_4_length_10634_cov_0.404859	-	6740	6786	47
58651	59532	NODE_5_length_4865_cov_0.373389	+	1	882	882
59521	59616	NODE_5_length_4865_cov_0.373389	+	869	964	96
59609	59692	NODE_5_length_4865_cov_0.373389	+	955	1038	84
59706	60032	NODE_5_length_4865_cov_0.373389	+	1050	1376	327
60030	60069	NODE_5_length_4865_cov_0.373389	+	1373	1412	40
60067	60189	NODE_5_length_4865_cov_0.373389	+	1409	1531	123
60191	60816	NODE_5_length_4865_cov_0.373389	+	1532	2157	626
60815	60852	NODE_5_length_4865_cov_0.373389	+	2158	2195	38
60849	61174	NODE_5_length_4865_cov_0.373389	+	2191	2516	326
61168	61262	NODE_5_length_4865_cov_0.373389	+	2509	2603	95
61260	61730	NODE_5_length_4865_cov_0.373389	+	2600	3070	471
61730	63526	NODE_5_length_4865_cov_0.373389	+	3069	4865	1797
480	867	NODE_6_length_3074_cov_0.376284	-	1	388	388
868	925	NODE_6_length_3074_cov_0.376284	-	388	445	58
921	2076	NODE_6_length_3074_cov_0.376284	-	440	1595	1156
2072	2563	NODE_6_length_3074_cov_0.376284	-	1590	2081	492
2553	2653	NODE_6_length_3074_cov_0.376284	-	2070	2170	101
2645	3558	NODE_6_length_3074_cov_0.376284	-	2161	3074	914
66145	66656	NODE_7_length_905_cov_1.101176	+	1	512	512
66649	66741	NODE_7_length_905_cov_1.101176	+	420	512	93
5158	5601	NODE_7_length_905_cov_1.101176	-	1	444	444
2302719	2302756	NODE_7_length_905_cov_1.101176	-	408	445	38
3748107	3748206	NODE_7_length_905_cov_1.101176	-	498	597	100
3748226	3748508	NODE_7_length_905_cov_1.101176	-	617	899	283
30116	30589	NODE_8_length_474_cov_0.871122	+	1	474	474
79502	79848	NODE_9_length_347_cov_1.304795	-	1	347	347
58113	58449	NODE_10_length_337_cov_1.429078	+	1	337	337
30588	30877	NODE_11_length_290_cov_1.034043	+	1	290	290
7170	7417	NODE_12_length_248_cov_1.362694	-	1	248	248
3561	3805	NODE_13_length_245_cov_0.815789	-	1	245	245
49639	49881	NODE_14_length_243_cov_1.170213	+	1	243	243
60502	60742	NODE_15_length_241_cov_0.903226	+	1	241	241
54238	54476	NODE_16_length_239_cov_0.951087	-	1	239	239
94297	94531	NODE_17_length_235_cov_1.405556	-	1	235	235
13518	13752	NODE_18_length_235_cov_1.216667	-	1	235	235
34838	35072	NODE_19_length_235_cov_0.905556	+	1	235	235
67082	67312	NODE_20_length_231_cov_2.125000	-	1	231	231
9195	9424	NODE_21_length_230_cov_1.182857	+	1	230	230
46477	46705	NODE_22_length_229_cov_1.183908	+	1	229	229
22791	23018	NODE_23_length_228_cov_1.011561	+	1	228	228
59343	59569	NODE_24_length_227_cov_1.197674	+	1	227	227
43821	44044	NODE_25_length_224_cov_1.260355	+	1	224	224
64209	64428	NODE_26_length_220_cov_0.884848	-	1	220	220
6755	6973	NODE_27_length_219_cov_0.823171	-	1	219	219
95704	95921	NODE_28_length_218_cov_1.006135	-	1	218	218
38192	38406	NODE_29_length_215_cov_0.812500	+	1	215	215
65542	65752	NODE_30_length_211_cov_1.019231	-	1	211	211
81025	81235	NODE_31_length_211_cov_0.865385	+	1	211	211
71845	72054	NODE_32_length_210_cov_0.909677	+	1	210	210
9532	9740	NODE_33_length_209_cov_1.168831	+	1	209	209
60725	60933	NODE_34_length_209_cov_0.870130	+	1	209	209
90811	91017	NODE_35_length_207_cov_0.592105	-	1	207	207
